<?xml version="1.0" encoding="UTF-8"?>
<!-- Generated by org.testng.reporters.JUnitReportReporter -->
<testsuite hostname="USE2DEVP0924" failures="0" tests="1" name="workflowmanager.SerialTemplate" time="0.013" errors="0" timestamp="2020-11-06T15:13:54 IST" skipped="0">
  <testcase classname="workflowmanager.SerialTemplate" name="instatiateSerial" time="0.013"/>
  <system-out/>
</testsuite> <!-- workflowmanager.SerialTemplate -->
