<?xml version="1.0" encoding="UTF-8"?>
<!-- Generated by org.testng.reporters.JUnitReportReporter -->
<testsuite hostname="USE2DEVP0924" failures="0" tests="1" name="Test.SerialTemplate" time="0.001" errors="0" timestamp="2020-11-06T17:09:01 IST" skipped="0">
  <testcase classname="Test.SerialTemplate" name="demo8" time="0.001"/>
  <system-out/>
</testsuite> <!-- Test.SerialTemplate -->
